c:\users\jheun\source\repos\pacmandemo\framework\debug\framework.pch
c:\users\jheun\source\repos\pacmandemo\framework\debug\framework.pdb
c:\users\jheun\source\repos\pacmandemo\framework\debug\framework.idb
c:\users\jheun\source\repos\pacmandemo\framework\debug\framework.obj
c:\users\jheun\source\repos\pacmandemo\framework\debug\character.obj
c:\users\jheun\source\repos\pacmandemo\framework\debug\vertexshader.obj
c:\users\jheun\source\repos\pacmandemo\framework\debug\filestream.obj
c:\users\jheun\source\repos\pacmandemo\framework\debug\blurredtexture.obj
c:\users\jheun\source\repos\pacmandemo\framework\debug\pixelshader.obj
c:\users\jheun\source\repos\pacmandemo\framework\debug\time.obj
c:\users\jheun\source\repos\pacmandemo\framework\debug\gui.obj
c:\users\jheun\source\repos\pacmandemo\framework\debug\lightmap.obj
c:\users\jheun\source\repos\pacmandemo\framework\debug\inputlayout.obj
c:\users\jheun\source\repos\pacmandemo\framework\debug\ishader.obj
c:\users\jheun\source\repos\pacmandemo\framework\debug\directhelpers.obj
c:\users\jheun\source\repos\pacmandemo\framework\debug\obb.obj
c:\users\jheun\source\repos\pacmandemo\framework\debug\indexbuffer.obj
c:\users\jheun\source\repos\pacmandemo\framework\debug\tile.obj
c:\users\jheun\source\repos\pacmandemo\framework\debug\ghost.obj
c:\users\jheun\source\repos\pacmandemo\framework\debug\states.obj
c:\users\jheun\source\repos\pacmandemo\framework\debug\tileset.obj
c:\users\jheun\source\repos\pacmandemo\framework\debug\player.obj
c:\users\jheun\source\repos\pacmandemo\framework\debug\graphics.obj
c:\users\jheun\source\repos\pacmandemo\framework\debug\texturerect.obj
c:\users\jheun\source\repos\pacmandemo\framework\debug\vertexbuffer.obj
c:\users\jheun\source\repos\pacmandemo\framework\debug\mouse.obj
c:\users\jheun\source\repos\pacmandemo\framework\debug\path.obj
c:\users\jheun\source\repos\pacmandemo\framework\debug\animationrect.obj
c:\users\jheun\source\repos\pacmandemo\framework\debug\soundsystem.obj
c:\users\jheun\source\repos\pacmandemo\framework\debug\string.obj
c:\users\jheun\source\repos\pacmandemo\framework\debug\red.obj
c:\users\jheun\source\repos\pacmandemo\framework\debug\keyboard.obj
c:\users\jheun\source\repos\pacmandemo\framework\debug\tilemap.obj
c:\users\jheun\source\repos\pacmandemo\framework\debug\collision.obj
c:\users\jheun\source\repos\pacmandemo\framework\debug\camera.obj
c:\users\jheun\source\repos\pacmandemo\framework\debug\animator.obj
c:\users\jheun\source\repos\pacmandemo\framework\debug\runningrect.obj
c:\users\jheun\source\repos\pacmandemo\framework\debug\texture2d.obj
c:\users\jheun\source\repos\pacmandemo\framework\debug\json.obj
c:\users\jheun\source\repos\pacmandemo\framework\debug\rect.obj
c:\users\jheun\source\repos\pacmandemo\framework\debug\vertextype.obj
c:\users\jheun\source\repos\pacmandemo\framework\debug\window.obj
c:\users\jheun\source\repos\pacmandemo\framework\debug\rendertexture.obj
c:\users\jheun\source\repos\pacmandemo\debug\framework.lib
c:\users\jheun\source\repos\pacmandemo\debug\framework.pdb
c:\users\jheun\source\repos\pacmandemo\framework\debug\framework.tlog\cl.command.1.tlog
c:\users\jheun\source\repos\pacmandemo\framework\debug\framework.tlog\cl.read.1.tlog
c:\users\jheun\source\repos\pacmandemo\framework\debug\framework.tlog\cl.write.1.tlog
c:\users\jheun\source\repos\pacmandemo\framework\debug\framework.tlog\lib-link.read.1.tlog
c:\users\jheun\source\repos\pacmandemo\framework\debug\framework.tlog\lib-link.write.1.tlog
c:\users\jheun\source\repos\pacmandemo\framework\debug\framework.tlog\lib.command.1.tlog
